<?xml version="1.0" encoding="UTF-8"?>
<!-- Generated by org.testng.reporters.JUnitXMLReporter -->
<testsuite hostname="QSIH-00268" name="sample test" tests="1" failures="1" timestamp="12 Oct 2015 11:30:07 GMT" time="43.421" errors="0">
  <testcase name="verifyIamNewHereTestCase" time="0.248" classname="com.pp.tests.LoginPageTest">
    <failure type="java.lang.AssertionError" message="I am New Here Text is Not Matching expected [I am ne here] but found [I am new here]">
      <![CDATA[java.lang.AssertionError: I am New Here Text is Not Matching expected [I am ne here] but found [I am new here]
	at com.pp.pages.LoginPage.getIamNewHereText(LoginPage.java:98)
	at com.pp.tests.LoginPageTest.verifyIamNewHereTestCase(LoginPageTest.java:38)
... Removed 28 stack frames]]>
    </failure>
  </testcase> <!-- verifyIamNewHereTestCase -->
</testsuite> <!-- sample test -->
