<!DOCTYPE html PUBLIC "-//W3C//DTD XHTML 1.1//EN" "http://www.w3.org/TR/xhtml11/DTD/xhtml11.dtd">
<html xmlns="http://www.w3.org/1999/xhtml"><head><title>TestNG Report</title><style type="text/css">table {margin-bottom:10px;border-collapse:collapse;empty-cells:show}th,td {border:1px solid #009;padding:.25em .5em}th {vertical-align:bottom}td {vertical-align:top}table a {font-weight:bold}.stripe td {background-color: #E6EBF9}.num {text-align:right}.passedodd td {background-color: #3F3}.passedeven td {background-color: #0A0}.skippedodd td {background-color: #DDD}.skippedeven td {background-color: #CCC}.failedodd td,.attn {background-color: #F33}.failedeven td,.stripe .attn {background-color: #D00}.stacktrace {white-space:pre;font-family:monospace}.totop {font-size:85%;text-align:center;border-bottom:2px solid #000}</style></head><body><table><tr><th>Test</th><th># Passed</th><th># Skipped</th><th># Failed</th><th>Time (ms)</th><th>Included Groups</th><th>Excluded Groups</th></tr><tr><th colspan="7">Page Object test example</th></tr><tr><td><a href="#t0">Regression 1</a></td><td class="num">9</td><td class="num">0</td><td class="num attn">4</td><td class="num">410,478</td><td></td><td></td></tr></table><table><thead><tr><th>Class</th><th>Method</th><th>Start</th><th>Time (ms)</th></tr></thead><tbody><tr><th colspan="4">Page Object test example</th></tr></tbody><tbody id="t0"><tr><th colspan="4">Regression 1 &#8212; failed</th></tr><tr class="failedeven"><td rowspan="3">com.pp.tests.AccountSummaryTest</td><td><a href="#m0">CheckwithViewProfile</a></td><td rowspan="1">1462354887230</td><td rowspan="1">18443</td></tr><tr class="failedeven"><td><a href="#m1">CheckwithViewProfileAndGettheSlots</a></td><td rowspan="1">1462354905678</td><td rowspan="1">10090</td></tr><tr class="failedeven"><td><a href="#m2">verifyScheduleMenu</a></td><td rowspan="1">1462354915768</td><td rowspan="1">10152</td></tr><tr class="failedodd"><td rowspan="1">com.pp.tests.GenericAppointmentRequestTest</td><td><a href="#m3">LoginAndRequestForAppointment</a></td><td rowspan="1">1462354991618</td><td rowspan="1">36885</td></tr><tr><th colspan="4">Regression 1 &#8212; passed</th></tr><tr class="passedeven"><td rowspan="3">com.pp.tests.AccountSummaryTest</td><td><a href="#m4">verifyMailMenuComposeMessage</a></td><td rowspan="1">1462354825266</td><td rowspan="1">61964</td></tr><tr class="passedeven"><td><a href="#m5">verifyMailMenuOptions</a></td><td rowspan="1">1462354741862</td><td rowspan="1">41525</td></tr><tr class="passedeven"><td><a href="#m6">verifyMailMenuSentItems</a></td><td rowspan="1">1462354783388</td><td rowspan="1">41878</td></tr><tr class="passedodd"><td rowspan="1">com.pp.tests.ComposeMessageTest</td><td><a href="#m7">LoginAndClickonComposeMessage</a></td><td rowspan="1">1462354940245</td><td rowspan="1">37809</td></tr><tr class="passedeven"><td rowspan="5">com.pp.tests.LoginPageTest</td><td><a href="#m8">clickOnLoginWithInvalidUsernameAndPassword</a></td><td rowspan="1">1462354648740</td><td rowspan="1">8624</td></tr><tr class="passedeven"><td><a href="#m9">clickOnLoginWithValidCredentials</a></td><td rowspan="1">1462354668504</td><td rowspan="1">58616</td></tr><tr class="passedeven"><td><a href="#m10">clickOnNeedHelpWithyourUsernamePassLink</a></td><td rowspan="1">1462354657364</td><td rowspan="1">11140</td></tr><tr class="passedeven"><td><a href="#m11">verifyAllReadyMembersElements</a></td><td rowspan="1">1462354648666</td><td rowspan="1">73</td></tr><tr class="passedeven"><td><a href="#m12">verifyIamNewHereTestCase</a></td><td rowspan="1">1462354638577</td><td rowspan="1">10088</td></tr></tbody></table><h2>Regression 1</h2><h3 id="m0">com.pp.tests.AccountSummaryTest#CheckwithViewProfile</h3><table class="result"><tr><th>Exception</th></tr><tr><td><div class="stacktrace">java.lang.Exception: FAILED THE TEST CASE OF CLICK ON VIEW PROFILE LINK
 CheckwithViewProfile FAILED WHILE CLICKING SIGN OUT BUTTON
 clickOnSignOutButton Element is not clickable at point (1855, 108.5). Other element would receive the click: &lt;div class=&quot;jqmOverlay&quot; style=&quot;height: 100%; width: 100%; position: fixed; left: 0px; top: 0px; z-index: 2999; opacity: 0.5;&quot;&gt;&lt;/div&gt;
Command duration or timeout: 61 milliseconds
Build info: version: &apos;2.53.0&apos;, revision: &apos;35ae25b1534ae328c771e0856c93e187490ca824&apos;, time: &apos;2016-03-15 10:43:46&apos;
System info: host: &apos;QSIH-00493&apos;, ip: &apos;10.145.8.79&apos;, os.name: &apos;Windows 7&apos;, os.arch: &apos;amd64&apos;, os.version: &apos;6.1&apos;, java.version: &apos;1.8.0_65&apos;
Driver info: org.openqa.selenium.firefox.FirefoxDriver
Capabilities [{applicationCacheEnabled=true, rotatable=false, handlesAlerts=true, databaseEnabled=true, version=45.0.2, platform=WINDOWS, nativeEvents=false, acceptSslCerts=true, webStorageEnabled=true, locationContextEnabled=true, browserName=firefox, takesScreenshot=true, javascriptEnabled=true, cssSelectorsEnabled=true}]
Session ID: e28d2fe3-2a19-4722-8ade-2f719b4b8c79
	at com.pp.tests.AccountSummaryTest.CheckwithViewProfile(AccountSummaryTest.java:289)
... Removed 24 stack frames</div></td></tr></table><p class="totop"><a href="#summary">back to summary</a></p><h3 id="m1">com.pp.tests.AccountSummaryTest#CheckwithViewProfileAndGettheSlots</h3><table class="result"><tr><th>Exception</th></tr><tr><td><div class="stacktrace">java.lang.AssertionError: Username Lebel is Missing expected [true] but found [false]
	at com.pp.pages.LoginPage.verifyUsernameLabel(LoginPage.java:261)
	at com.pp.tests.AccountSummaryTest.CheckwithViewProfileAndGettheSlots(AccountSummaryTest.java:300)
... Removed 27 stack frames</div></td></tr></table><p class="totop"><a href="#summary">back to summary</a></p><h3 id="m2">com.pp.tests.AccountSummaryTest#verifyScheduleMenu</h3><table class="result"><tr><th>Exception</th></tr><tr><td><div class="stacktrace">java.lang.AssertionError: Username Lebel is Missing expected [true] but found [false]
	at com.pp.pages.LoginPage.verifyUsernameLabel(LoginPage.java:261)
	at com.pp.tests.AccountSummaryTest.verifyScheduleMenu(AccountSummaryTest.java:364)
... Removed 27 stack frames</div></td></tr></table><p class="totop"><a href="#summary">back to summary</a></p><h3 id="m3">com.pp.tests.GenericAppointmentRequestTest#LoginAndRequestForAppointment</h3><table class="result"><tr><th>Exception</th></tr><tr><td><div class="stacktrace">java.lang.Exception: FAILED THE TEST CASE OF CLICK ON LOGIN BUTTON
 clickOnLoginWithValidCredentials  FAILED WHILE SELECTING THE PRACTICE DROPDOWN
 selectPracticeDropdownUnable to locate element: {&quot;method&quot;:&quot;id&quot;,&quot;selector&quot;:&quot;ctl00_ContentPlaceHolder1_PracticePersonSelector1_ddlPersons&quot;}
Command duration or timeout: 10.15 seconds
For documentation on this error, please visit: http://seleniumhq.org/exceptions/no_such_element.html
Build info: version: &apos;2.53.0&apos;, revision: &apos;35ae25b1534ae328c771e0856c93e187490ca824&apos;, time: &apos;2016-03-15 10:43:46&apos;
System info: host: &apos;QSIH-00493&apos;, ip: &apos;10.145.8.79&apos;, os.name: &apos;Windows 7&apos;, os.arch: &apos;amd64&apos;, os.version: &apos;6.1&apos;, java.version: &apos;1.8.0_65&apos;
Driver info: org.openqa.selenium.firefox.FirefoxDriver
Capabilities [{applicationCacheEnabled=true, rotatable=false, handlesAlerts=true, databaseEnabled=true, version=45.0.2, platform=WINDOWS, nativeEvents=false, acceptSslCerts=true, webStorageEnabled=true, locationContextEnabled=true, browserName=firefox, takesScreenshot=true, javascriptEnabled=true, cssSelectorsEnabled=true}]
Session ID: 687c9cd3-66da-4f16-906f-321506f076b2
*** Element info: {Using=id, value=ctl00_ContentPlaceHolder1_PracticePersonSelector1_ddlPersons}
	at com.pp.tests.GenericAppointmentRequestTest.LoginAndRequestForAppointment(GenericAppointmentRequestTest.java:138)
... Removed 24 stack frames</div></td></tr></table><p class="totop"><a href="#summary">back to summary</a></p><h3 id="m4">com.pp.tests.AccountSummaryTest#verifyMailMenuComposeMessage</h3><table class="result"></table><p class="totop"><a href="#summary">back to summary</a></p><h3 id="m5">com.pp.tests.AccountSummaryTest#verifyMailMenuOptions</h3><table class="result"></table><p class="totop"><a href="#summary">back to summary</a></p><h3 id="m6">com.pp.tests.AccountSummaryTest#verifyMailMenuSentItems</h3><table class="result"></table><p class="totop"><a href="#summary">back to summary</a></p><h3 id="m7">com.pp.tests.ComposeMessageTest#LoginAndClickonComposeMessage</h3><table class="result"></table><p class="totop"><a href="#summary">back to summary</a></p><h3 id="m8">com.pp.tests.LoginPageTest#clickOnLoginWithInvalidUsernameAndPassword</h3><table class="result"></table><p class="totop"><a href="#summary">back to summary</a></p><h3 id="m9">com.pp.tests.LoginPageTest#clickOnLoginWithValidCredentials</h3><table class="result"></table><p class="totop"><a href="#summary">back to summary</a></p><h3 id="m10">com.pp.tests.LoginPageTest#clickOnNeedHelpWithyourUsernamePassLink</h3><table class="result"></table><p class="totop"><a href="#summary">back to summary</a></p><h3 id="m11">com.pp.tests.LoginPageTest#verifyAllReadyMembersElements</h3><table class="result"></table><p class="totop"><a href="#summary">back to summary</a></p><h3 id="m12">com.pp.tests.LoginPageTest#verifyIamNewHereTestCase</h3><table class="result"></table><p class="totop"><a href="#summary">back to summary</a></p></body></html>