<!DOCTYPE html>

<html>
  <head>
  <title>TestNG reports</title>

    <link type="text/css" href="testng-reports.css" rel="stylesheet" />  
    <script type="text/javascript" src="jquery-1.7.1.min.js"></script>
    <script type="text/javascript" src="testng-reports.js"></script>
    <script type="text/javascript" src="https://www.google.com/jsapi"></script>
    <script type='text/javascript'>
      google.load('visualization', '1', {packages:['table']});
      google.setOnLoadCallback(drawTable);
      var suiteTableInitFunctions = new Array();
      var suiteTableData = new Array();
    </script>
    <!--
      <script type="text/javascript" src="jquery-ui/js/jquery-ui-1.8.16.custom.min.js"></script>
     -->
  </head>

  <body>
    <div class="top-banner-root">
      <span class="top-banner-title-font">Test results</span>
      <br/>
      <span class="top-banner-font-1">1 suite, 4 failed tests</span>
    </div> <!-- top-banner-root -->
    <div class="navigator-root">
      <div class="navigator-suite-header">
        <span>All suites</span>
        <a href="#" class="collapse-all-link" title="Collapse/expand all the suites">
          <img class="collapse-all-icon" src="collapseall.gif">
          </img> <!-- collapse-all-icon -->
        </a> <!-- collapse-all-link -->
      </div> <!-- navigator-suite-header -->
      <div class="suite">
        <div class="rounded-window">
          <div class="suite-header light-rounded-window-top">
            <a href="#" class="navigator-link" panel-name="suite-Page_Object_test_example">
              <span class="suite-name border-failed">Page Object test example</span>
            </a> <!-- navigator-link -->
          </div> <!-- suite-header light-rounded-window-top -->
          <div class="navigator-suite-content">
            <div class="suite-section-title">
              <span>Info</span>
            </div> <!-- suite-section-title -->
            <div class="suite-section-content">
              <ul>
                <li>
                  <a href="#" class="navigator-link " panel-name="test-xml-Page_Object_test_example">
                    <span>D:\Latest_workspace\PPEM\src\test\resource\TestSuite\olemanju.xml</span>
                  </a> <!-- navigator-link  -->
                </li>
                <li>
                  <a href="#" class="navigator-link " panel-name="testlist-Page_Object_test_example">
                    <span class="test-stats">1 test</span>
                  </a> <!-- navigator-link  -->
                </li>
                <li>
                  <a href="#" class="navigator-link " panel-name="group-Page_Object_test_example">
                    <span>0 groups</span>
                  </a> <!-- navigator-link  -->
                </li>
                <li>
                  <a href="#" class="navigator-link " panel-name="times-Page_Object_test_example">
                    <span>Times</span>
                  </a> <!-- navigator-link  -->
                </li>
                <li>
                  <a href="#" class="navigator-link " panel-name="reporter-Page_Object_test_example">
                    <span>Reporter output</span>
                  </a> <!-- navigator-link  -->
                </li>
                <li>
                  <a href="#" class="navigator-link " panel-name="ignored-methods-Page_Object_test_example">
                    <span>Ignored methods</span>
                  </a> <!-- navigator-link  -->
                </li>
                <li>
                  <a href="#" class="navigator-link " panel-name="chronological-Page_Object_test_example">
                    <span>Chronological view</span>
                  </a> <!-- navigator-link  -->
                </li>
              </ul>
            </div> <!-- suite-section-content -->
            <div class="result-section">
              <div class="suite-section-title">
                <span>Results</span>
              </div> <!-- suite-section-title -->
              <div class="suite-section-content">
                <ul>
                  <li>
                    <span class="method-stats">13 methods, 4 failed,   9 passed</span>
                  </li>
                  <li>
                    <span class="method-list-title failed">Failed methods</span>
                    <span class="show-or-hide-methods failed">
                      <a href="#" panel-name="suite-Page_Object_test_example" class="hide-methods failed suite-Page_Object_test_example"> (hide)</a> <!-- hide-methods failed suite-Page_Object_test_example -->
                      <a href="#" panel-name="suite-Page_Object_test_example" class="show-methods failed suite-Page_Object_test_example"> (show)</a> <!-- show-methods failed suite-Page_Object_test_example -->
                    </span>
                    <div class="method-list-content failed suite-Page_Object_test_example">
                      <span>
                        <img width="3%" src="failed.png"/>
                        <a href="#" class="method navigator-link" panel-name="suite-Page_Object_test_example" title="com.pp.tests.AccountSummaryTest" hash-for-method="CheckwithViewProfile">CheckwithViewProfile</a> <!-- method navigator-link -->
                      </span>
                      <br/>
                      <span>
                        <img width="3%" src="failed.png"/>
                        <a href="#" class="method navigator-link" panel-name="suite-Page_Object_test_example" title="com.pp.tests.AccountSummaryTest" hash-for-method="CheckwithViewProfileAndGettheSlots">CheckwithViewProfileAndGettheSlots</a> <!-- method navigator-link -->
                      </span>
                      <br/>
                      <span>
                        <img width="3%" src="failed.png"/>
                        <a href="#" class="method navigator-link" panel-name="suite-Page_Object_test_example" title="com.pp.tests.GenericAppointmentRequestTest" hash-for-method="LoginAndRequestForAppointment">LoginAndRequestForAppointment</a> <!-- method navigator-link -->
                      </span>
                      <br/>
                      <span>
                        <img width="3%" src="failed.png"/>
                        <a href="#" class="method navigator-link" panel-name="suite-Page_Object_test_example" title="com.pp.tests.AccountSummaryTest" hash-for-method="verifyScheduleMenu">verifyScheduleMenu</a> <!-- method navigator-link -->
                      </span>
                      <br/>
                    </div> <!-- method-list-content failed suite-Page_Object_test_example -->
                  </li>
                  <li>
                    <span class="method-list-title passed">Passed methods</span>
                    <span class="show-or-hide-methods passed">
                      <a href="#" panel-name="suite-Page_Object_test_example" class="hide-methods passed suite-Page_Object_test_example"> (hide)</a> <!-- hide-methods passed suite-Page_Object_test_example -->
                      <a href="#" panel-name="suite-Page_Object_test_example" class="show-methods passed suite-Page_Object_test_example"> (show)</a> <!-- show-methods passed suite-Page_Object_test_example -->
                    </span>
                    <div class="method-list-content passed suite-Page_Object_test_example">
                      <span>
                        <img width="3%" src="passed.png"/>
                        <a href="#" class="method navigator-link" panel-name="suite-Page_Object_test_example" title="com.pp.tests.ComposeMessageTest" hash-for-method="LoginAndClickonComposeMessage">LoginAndClickonComposeMessage</a> <!-- method navigator-link -->
                      </span>
                      <br/>
                      <span>
                        <img width="3%" src="passed.png"/>
                        <a href="#" class="method navigator-link" panel-name="suite-Page_Object_test_example" title="com.pp.tests.LoginPageTest" hash-for-method="clickOnLoginWithInvalidUsernameAndPassword">clickOnLoginWithInvalidUsernameAndPassword</a> <!-- method navigator-link -->
                      </span>
                      <br/>
                      <span>
                        <img width="3%" src="passed.png"/>
                        <a href="#" class="method navigator-link" panel-name="suite-Page_Object_test_example" title="com.pp.tests.LoginPageTest" hash-for-method="clickOnLoginWithValidCredentials">clickOnLoginWithValidCredentials</a> <!-- method navigator-link -->
                      </span>
                      <br/>
                      <span>
                        <img width="3%" src="passed.png"/>
                        <a href="#" class="method navigator-link" panel-name="suite-Page_Object_test_example" title="com.pp.tests.LoginPageTest" hash-for-method="clickOnNeedHelpWithyourUsernamePassLink">clickOnNeedHelpWithyourUsernamePassLink</a> <!-- method navigator-link -->
                      </span>
                      <br/>
                      <span>
                        <img width="3%" src="passed.png"/>
                        <a href="#" class="method navigator-link" panel-name="suite-Page_Object_test_example" title="com.pp.tests.LoginPageTest" hash-for-method="verifyAllReadyMembersElements">verifyAllReadyMembersElements</a> <!-- method navigator-link -->
                      </span>
                      <br/>
                      <span>
                        <img width="3%" src="passed.png"/>
                        <a href="#" class="method navigator-link" panel-name="suite-Page_Object_test_example" title="com.pp.tests.LoginPageTest" hash-for-method="verifyIamNewHereTestCase">verifyIamNewHereTestCase</a> <!-- method navigator-link -->
                      </span>
                      <br/>
                      <span>
                        <img width="3%" src="passed.png"/>
                        <a href="#" class="method navigator-link" panel-name="suite-Page_Object_test_example" title="com.pp.tests.AccountSummaryTest" hash-for-method="verifyMailMenuComposeMessage">verifyMailMenuComposeMessage</a> <!-- method navigator-link -->
                      </span>
                      <br/>
                      <span>
                        <img width="3%" src="passed.png"/>
                        <a href="#" class="method navigator-link" panel-name="suite-Page_Object_test_example" title="com.pp.tests.AccountSummaryTest" hash-for-method="verifyMailMenuOptions">verifyMailMenuOptions</a> <!-- method navigator-link -->
                      </span>
                      <br/>
                      <span>
                        <img width="3%" src="passed.png"/>
                        <a href="#" class="method navigator-link" panel-name="suite-Page_Object_test_example" title="com.pp.tests.AccountSummaryTest" hash-for-method="verifyMailMenuSentItems">verifyMailMenuSentItems</a> <!-- method navigator-link -->
                      </span>
                      <br/>
                    </div> <!-- method-list-content passed suite-Page_Object_test_example -->
                  </li>
                </ul>
              </div> <!-- suite-section-content -->
            </div> <!-- result-section -->
          </div> <!-- navigator-suite-content -->
        </div> <!-- rounded-window -->
      </div> <!-- suite -->
    </div> <!-- navigator-root -->
    <div class="wrapper">
      <div class="main-panel-root">
        <div panel-name="suite-Page_Object_test_example" class="panel Page_Object_test_example">
          <div class="suite-Page_Object_test_example-class-failed">
            <div class="main-panel-header rounded-window-top">
              <img src="failed.png"/>
              <span class="class-name">com.pp.tests.GenericAppointmentRequestTest</span>
            </div> <!-- main-panel-header rounded-window-top -->
            <div class="main-panel-content rounded-window-bottom">
              <div class="method">
                <div class="method-content">
                  <a name="LoginAndRequestForAppointment">
                  </a> <!-- LoginAndRequestForAppointment -->
                  <span class="method-name">LoginAndRequestForAppointment</span>
                  <div class="stack-trace">java.lang.Exception: FAILED THE TEST CASE OF CLICK ON LOGIN BUTTON
 clickOnLoginWithValidCredentials  FAILED WHILE SELECTING THE PRACTICE DROPDOWN
 selectPracticeDropdownUnable to locate element: {&quot;method&quot;:&quot;id&quot;,&quot;selector&quot;:&quot;ctl00_ContentPlaceHolder1_PracticePersonSelector1_ddlPersons&quot;}
Command duration or timeout: 10.15 seconds
For documentation on this error, please visit: http://seleniumhq.org/exceptions/no_such_element.html
Build info: version: &apos;2.53.0&apos;, revision: &apos;35ae25b1534ae328c771e0856c93e187490ca824&apos;, time: &apos;2016-03-15 10:43:46&apos;
System info: host: &apos;QSIH-00493&apos;, ip: &apos;10.145.8.79&apos;, os.name: &apos;Windows 7&apos;, os.arch: &apos;amd64&apos;, os.version: &apos;6.1&apos;, java.version: &apos;1.8.0_65&apos;
Driver info: org.openqa.selenium.firefox.FirefoxDriver
Capabilities [{applicationCacheEnabled=true, rotatable=false, handlesAlerts=true, databaseEnabled=true, version=45.0.2, platform=WINDOWS, nativeEvents=false, acceptSslCerts=true, webStorageEnabled=true, locationContextEnabled=true, browserName=firefox, takesScreenshot=true, javascriptEnabled=true, cssSelectorsEnabled=true}]
Session ID: 687c9cd3-66da-4f16-906f-321506f076b2
*** Element info: {Using=id, value=ctl00_ContentPlaceHolder1_PracticePersonSelector1_ddlPersons}
	at com.pp.tests.GenericAppointmentRequestTest.LoginAndRequestForAppointment(GenericAppointmentRequestTest.java:138)
... Removed 24 stack frames
</div> <!-- stack-trace -->
                </div> <!-- method-content -->
              </div> <!-- method -->
            </div> <!-- main-panel-content rounded-window-bottom -->
          </div> <!-- suite-Page_Object_test_example-class-failed -->
          <div class="suite-Page_Object_test_example-class-failed">
            <div class="main-panel-header rounded-window-top">
              <img src="failed.png"/>
              <span class="class-name">com.pp.tests.AccountSummaryTest</span>
            </div> <!-- main-panel-header rounded-window-top -->
            <div class="main-panel-content rounded-window-bottom">
              <div class="method">
                <div class="method-content">
                  <a name="CheckwithViewProfile">
                  </a> <!-- CheckwithViewProfile -->
                  <span class="method-name">CheckwithViewProfile</span>
                  <div class="stack-trace">java.lang.Exception: FAILED THE TEST CASE OF CLICK ON VIEW PROFILE LINK
 CheckwithViewProfile FAILED WHILE CLICKING SIGN OUT BUTTON
 clickOnSignOutButton Element is not clickable at point (1855, 108.5). Other element would receive the click: &lt;div class=&quot;jqmOverlay&quot; style=&quot;height: 100%; width: 100%; position: fixed; left: 0px; top: 0px; z-index: 2999; opacity: 0.5;&quot;&gt;&lt;/div&gt;
Command duration or timeout: 61 milliseconds
Build info: version: &apos;2.53.0&apos;, revision: &apos;35ae25b1534ae328c771e0856c93e187490ca824&apos;, time: &apos;2016-03-15 10:43:46&apos;
System info: host: &apos;QSIH-00493&apos;, ip: &apos;10.145.8.79&apos;, os.name: &apos;Windows 7&apos;, os.arch: &apos;amd64&apos;, os.version: &apos;6.1&apos;, java.version: &apos;1.8.0_65&apos;
Driver info: org.openqa.selenium.firefox.FirefoxDriver
Capabilities [{applicationCacheEnabled=true, rotatable=false, handlesAlerts=true, databaseEnabled=true, version=45.0.2, platform=WINDOWS, nativeEvents=false, acceptSslCerts=true, webStorageEnabled=true, locationContextEnabled=true, browserName=firefox, takesScreenshot=true, javascriptEnabled=true, cssSelectorsEnabled=true}]
Session ID: e28d2fe3-2a19-4722-8ade-2f719b4b8c79
	at com.pp.tests.AccountSummaryTest.CheckwithViewProfile(AccountSummaryTest.java:289)
... Removed 24 stack frames
</div> <!-- stack-trace -->
                </div> <!-- method-content -->
              </div> <!-- method -->
              <div class="method">
                <div class="method-content">
                  <a name="CheckwithViewProfileAndGettheSlots">
                  </a> <!-- CheckwithViewProfileAndGettheSlots -->
                  <span class="method-name">CheckwithViewProfileAndGettheSlots</span>
                  <div class="stack-trace">java.lang.AssertionError: Username Lebel is Missing expected [true] but found [false]
	at com.pp.pages.LoginPage.verifyUsernameLabel(LoginPage.java:261)
	at com.pp.tests.AccountSummaryTest.CheckwithViewProfileAndGettheSlots(AccountSummaryTest.java:300)
... Removed 27 stack frames
</div> <!-- stack-trace -->
                </div> <!-- method-content -->
              </div> <!-- method -->
              <div class="method">
                <div class="method-content">
                  <a name="verifyScheduleMenu">
                  </a> <!-- verifyScheduleMenu -->
                  <span class="method-name">verifyScheduleMenu</span>
                  <div class="stack-trace">java.lang.AssertionError: Username Lebel is Missing expected [true] but found [false]
	at com.pp.pages.LoginPage.verifyUsernameLabel(LoginPage.java:261)
	at com.pp.tests.AccountSummaryTest.verifyScheduleMenu(AccountSummaryTest.java:364)
... Removed 27 stack frames
</div> <!-- stack-trace -->
                </div> <!-- method-content -->
              </div> <!-- method -->
            </div> <!-- main-panel-content rounded-window-bottom -->
          </div> <!-- suite-Page_Object_test_example-class-failed -->
          <div class="suite-Page_Object_test_example-class-passed">
            <div class="main-panel-header rounded-window-top">
              <img src="passed.png"/>
              <span class="class-name">com.pp.tests.ComposeMessageTest</span>
            </div> <!-- main-panel-header rounded-window-top -->
            <div class="main-panel-content rounded-window-bottom">
              <div class="method">
                <div class="method-content">
                  <a name="LoginAndClickonComposeMessage">
                  </a> <!-- LoginAndClickonComposeMessage -->
                  <span class="method-name">LoginAndClickonComposeMessage</span>
                </div> <!-- method-content -->
              </div> <!-- method -->
            </div> <!-- main-panel-content rounded-window-bottom -->
          </div> <!-- suite-Page_Object_test_example-class-passed -->
          <div class="suite-Page_Object_test_example-class-passed">
            <div class="main-panel-header rounded-window-top">
              <img src="passed.png"/>
              <span class="class-name">com.pp.tests.AccountSummaryTest</span>
            </div> <!-- main-panel-header rounded-window-top -->
            <div class="main-panel-content rounded-window-bottom">
              <div class="method">
                <div class="method-content">
                  <a name="verifyMailMenuComposeMessage">
                  </a> <!-- verifyMailMenuComposeMessage -->
                  <span class="method-name">verifyMailMenuComposeMessage</span>
                </div> <!-- method-content -->
              </div> <!-- method -->
              <div class="method">
                <div class="method-content">
                  <a name="verifyMailMenuOptions">
                  </a> <!-- verifyMailMenuOptions -->
                  <span class="method-name">verifyMailMenuOptions</span>
                </div> <!-- method-content -->
              </div> <!-- method -->
              <div class="method">
                <div class="method-content">
                  <a name="verifyMailMenuSentItems">
                  </a> <!-- verifyMailMenuSentItems -->
                  <span class="method-name">verifyMailMenuSentItems</span>
                </div> <!-- method-content -->
              </div> <!-- method -->
            </div> <!-- main-panel-content rounded-window-bottom -->
          </div> <!-- suite-Page_Object_test_example-class-passed -->
          <div class="suite-Page_Object_test_example-class-passed">
            <div class="main-panel-header rounded-window-top">
              <img src="passed.png"/>
              <span class="class-name">com.pp.tests.LoginPageTest</span>
            </div> <!-- main-panel-header rounded-window-top -->
            <div class="main-panel-content rounded-window-bottom">
              <div class="method">
                <div class="method-content">
                  <a name="clickOnLoginWithInvalidUsernameAndPassword">
                  </a> <!-- clickOnLoginWithInvalidUsernameAndPassword -->
                  <span class="method-name">clickOnLoginWithInvalidUsernameAndPassword</span>
                </div> <!-- method-content -->
              </div> <!-- method -->
              <div class="method">
                <div class="method-content">
                  <a name="clickOnLoginWithValidCredentials">
                  </a> <!-- clickOnLoginWithValidCredentials -->
                  <span class="method-name">clickOnLoginWithValidCredentials</span>
                </div> <!-- method-content -->
              </div> <!-- method -->
              <div class="method">
                <div class="method-content">
                  <a name="clickOnNeedHelpWithyourUsernamePassLink">
                  </a> <!-- clickOnNeedHelpWithyourUsernamePassLink -->
                  <span class="method-name">clickOnNeedHelpWithyourUsernamePassLink</span>
                </div> <!-- method-content -->
              </div> <!-- method -->
              <div class="method">
                <div class="method-content">
                  <a name="verifyAllReadyMembersElements">
                  </a> <!-- verifyAllReadyMembersElements -->
                  <span class="method-name">verifyAllReadyMembersElements</span>
                </div> <!-- method-content -->
              </div> <!-- method -->
              <div class="method">
                <div class="method-content">
                  <a name="verifyIamNewHereTestCase">
                  </a> <!-- verifyIamNewHereTestCase -->
                  <span class="method-name">verifyIamNewHereTestCase</span>
                </div> <!-- method-content -->
              </div> <!-- method -->
            </div> <!-- main-panel-content rounded-window-bottom -->
          </div> <!-- suite-Page_Object_test_example-class-passed -->
        </div> <!-- panel Page_Object_test_example -->
        <div panel-name="test-xml-Page_Object_test_example" class="panel">
          <div class="main-panel-header rounded-window-top">
            <span class="header-content">D:\Latest_workspace\PPEM\src\test\resource\TestSuite\olemanju.xml</span>
          </div> <!-- main-panel-header rounded-window-top -->
          <div class="main-panel-content rounded-window-bottom">
            <pre>
&lt;?xml version=&quot;1.0&quot; encoding=&quot;UTF-8&quot;?&gt;
&lt;!DOCTYPE suite SYSTEM &quot;http://testng.org/testng-1.0.dtd&quot;&gt;
&lt;suite thread-count=&quot;2&quot; name=&quot;Page Object test example&quot;&gt;
  &lt;test name=&quot;Regression 1&quot;&gt;
    &lt;classes&gt;
      &lt;class name=&quot;com.pp.tests.LoginPageTest&quot;/&gt;
      &lt;class name=&quot;com.pp.tests.AccountSummaryTest&quot;/&gt;
      &lt;class name=&quot;com.pp.tests.ComposeMessageTest&quot;/&gt;
      &lt;class name=&quot;com.pp.tests.GenericAppointmentRequestTest&quot;/&gt;
    &lt;/classes&gt;
  &lt;/test&gt; &lt;!-- Regression 1 --&gt;
&lt;/suite&gt; &lt;!-- Page Object test example --&gt;
            </pre>
          </div> <!-- main-panel-content rounded-window-bottom -->
        </div> <!-- panel -->
        <div panel-name="testlist-Page_Object_test_example" class="panel">
          <div class="main-panel-header rounded-window-top">
            <span class="header-content">Tests for Page Object test example</span>
          </div> <!-- main-panel-header rounded-window-top -->
          <div class="main-panel-content rounded-window-bottom">
            <ul>
              <li>
                <span class="test-name">Regression 1 (4 classes)</span>
              </li>
            </ul>
          </div> <!-- main-panel-content rounded-window-bottom -->
        </div> <!-- panel -->
        <div panel-name="group-Page_Object_test_example" class="panel">
          <div class="main-panel-header rounded-window-top">
            <span class="header-content">Groups for Page Object test example</span>
          </div> <!-- main-panel-header rounded-window-top -->
          <div class="main-panel-content rounded-window-bottom">
          </div> <!-- main-panel-content rounded-window-bottom -->
        </div> <!-- panel -->
        <div panel-name="times-Page_Object_test_example" class="panel">
          <div class="main-panel-header rounded-window-top">
            <span class="header-content">Times for Page Object test example</span>
          </div> <!-- main-panel-header rounded-window-top -->
          <div class="main-panel-content rounded-window-bottom">
            <div class="times-div">
              <script type="text/javascript">
suiteTableInitFunctions.push('tableData_Page_Object_test_example');
function tableData_Page_Object_test_example() {
var data = new google.visualization.DataTable();
data.addColumn('number', 'Number');
data.addColumn('string', 'Method');
data.addColumn('string', 'Class');
data.addColumn('number', 'Time (ms)');
data.addRows(13);
data.setCell(0, 0, 0)
data.setCell(0, 1, 'verifyMailMenuComposeMessage')
data.setCell(0, 2, 'com.pp.tests.AccountSummaryTest')
data.setCell(0, 3, 61964);
data.setCell(1, 0, 1)
data.setCell(1, 1, 'clickOnLoginWithValidCredentials')
data.setCell(1, 2, 'com.pp.tests.LoginPageTest')
data.setCell(1, 3, 58616);
data.setCell(2, 0, 2)
data.setCell(2, 1, 'verifyMailMenuSentItems')
data.setCell(2, 2, 'com.pp.tests.AccountSummaryTest')
data.setCell(2, 3, 41878);
data.setCell(3, 0, 3)
data.setCell(3, 1, 'verifyMailMenuOptions')
data.setCell(3, 2, 'com.pp.tests.AccountSummaryTest')
data.setCell(3, 3, 41525);
data.setCell(4, 0, 4)
data.setCell(4, 1, 'LoginAndClickonComposeMessage')
data.setCell(4, 2, 'com.pp.tests.ComposeMessageTest')
data.setCell(4, 3, 37809);
data.setCell(5, 0, 5)
data.setCell(5, 1, 'LoginAndRequestForAppointment')
data.setCell(5, 2, 'com.pp.tests.GenericAppointmentRequestTest')
data.setCell(5, 3, 36885);
data.setCell(6, 0, 6)
data.setCell(6, 1, 'CheckwithViewProfile')
data.setCell(6, 2, 'com.pp.tests.AccountSummaryTest')
data.setCell(6, 3, 18443);
data.setCell(7, 0, 7)
data.setCell(7, 1, 'clickOnNeedHelpWithyourUsernamePassLink')
data.setCell(7, 2, 'com.pp.tests.LoginPageTest')
data.setCell(7, 3, 11140);
data.setCell(8, 0, 8)
data.setCell(8, 1, 'verifyScheduleMenu')
data.setCell(8, 2, 'com.pp.tests.AccountSummaryTest')
data.setCell(8, 3, 10152);
data.setCell(9, 0, 9)
data.setCell(9, 1, 'CheckwithViewProfileAndGettheSlots')
data.setCell(9, 2, 'com.pp.tests.AccountSummaryTest')
data.setCell(9, 3, 10090);
data.setCell(10, 0, 10)
data.setCell(10, 1, 'verifyIamNewHereTestCase')
data.setCell(10, 2, 'com.pp.tests.LoginPageTest')
data.setCell(10, 3, 10088);
data.setCell(11, 0, 11)
data.setCell(11, 1, 'clickOnLoginWithInvalidUsernameAndPassword')
data.setCell(11, 2, 'com.pp.tests.LoginPageTest')
data.setCell(11, 3, 8624);
data.setCell(12, 0, 12)
data.setCell(12, 1, 'verifyAllReadyMembersElements')
data.setCell(12, 2, 'com.pp.tests.LoginPageTest')
data.setCell(12, 3, 73);
window.suiteTableData['Page_Object_test_example']= { tableData: data, tableDiv: 'times-div-Page_Object_test_example'}
return data;
}
              </script>
              <span class="suite-total-time">Total running time: 5 minutes</span>
              <div id="times-div-Page_Object_test_example">
              </div> <!-- times-div-Page_Object_test_example -->
            </div> <!-- times-div -->
          </div> <!-- main-panel-content rounded-window-bottom -->
        </div> <!-- panel -->
        <div panel-name="reporter-Page_Object_test_example" class="panel">
          <div class="main-panel-header rounded-window-top">
            <span class="header-content">Reporter output for Page Object test example</span>
          </div> <!-- main-panel-header rounded-window-top -->
          <div class="main-panel-content rounded-window-bottom">
          </div> <!-- main-panel-content rounded-window-bottom -->
        </div> <!-- panel -->
        <div panel-name="ignored-methods-Page_Object_test_example" class="panel">
          <div class="main-panel-header rounded-window-top">
            <span class="header-content">0 ignored methods</span>
          </div> <!-- main-panel-header rounded-window-top -->
          <div class="main-panel-content rounded-window-bottom">
          </div> <!-- main-panel-content rounded-window-bottom -->
        </div> <!-- panel -->
        <div panel-name="chronological-Page_Object_test_example" class="panel">
          <div class="main-panel-header rounded-window-top">
            <span class="header-content">Methods in chronological order</span>
          </div> <!-- main-panel-header rounded-window-top -->
          <div class="main-panel-content rounded-window-bottom">
            <div class="chronological-class">
              <div class="chronological-class-name">com.pp.tests.LoginPageTest</div> <!-- chronological-class-name -->
              <div class="configuration-class before">
                <span class="method-name">setup</span>
                <span class="method-start">0 ms</span>
              </div> <!-- configuration-class before -->
              <div class="test-method">
                <span class="method-name">verifyIamNewHereTestCase</span>
                <span class="method-start">20231 ms</span>
              </div> <!-- test-method -->
              <div class="test-method">
                <span class="method-name">verifyAllReadyMembersElements</span>
                <span class="method-start">30320 ms</span>
              </div> <!-- test-method -->
              <div class="test-method">
                <span class="method-name">clickOnLoginWithInvalidUsernameAndPassword</span>
                <span class="method-start">30394 ms</span>
              </div> <!-- test-method -->
              <div class="test-method">
                <span class="method-name">clickOnNeedHelpWithyourUsernamePassLink</span>
                <span class="method-start">39018 ms</span>
              </div> <!-- test-method -->
              <div class="test-method">
                <span class="method-name">clickOnLoginWithValidCredentials</span>
                <span class="method-start">50158 ms</span>
              </div> <!-- test-method -->
              <div class="configuration-class after">
                <span class="method-name">tearDown</span>
                <span class="method-start">108775 ms</span>
              </div> <!-- configuration-class after -->
            </div> <!-- chronological-class -->
            <div class="chronological-class">
              <div class="chronological-class-name">com.pp.tests.AccountSummaryTest</div> <!-- chronological-class-name -->
              <div class="configuration-class before">
                <span class="method-name">setup</span>
                <span class="method-start">109219 ms</span>
              </div> <!-- configuration-class before -->
              <div class="test-method">
                <span class="method-name">verifyMailMenuOptions</span>
                <span class="method-start">123516 ms</span>
              </div> <!-- test-method -->
              <div class="test-method">
                <span class="method-name">verifyMailMenuSentItems</span>
                <span class="method-start">165042 ms</span>
              </div> <!-- test-method -->
              <div class="test-method">
                <span class="method-name">verifyMailMenuComposeMessage</span>
                <span class="method-start">206920 ms</span>
              </div> <!-- test-method -->
              <div class="test-method">
                <img src="failed.png">
                </img>
                <span class="method-name">CheckwithViewProfile</span>
                <span class="method-start">268884 ms</span>
              </div> <!-- test-method -->
              <div class="test-method">
                <img src="failed.png">
                </img>
                <span class="method-name">CheckwithViewProfileAndGettheSlots</span>
                <span class="method-start">287332 ms</span>
              </div> <!-- test-method -->
              <div class="test-method">
                <img src="failed.png">
                </img>
                <span class="method-name">verifyScheduleMenu</span>
                <span class="method-start">297422 ms</span>
              </div> <!-- test-method -->
              <div class="configuration-class after">
                <span class="method-name">tearDown</span>
                <span class="method-start">307575 ms</span>
              </div> <!-- configuration-class after -->
            </div> <!-- chronological-class -->
            <div class="chronological-class">
              <div class="chronological-class-name">com.pp.tests.ComposeMessageTest</div> <!-- chronological-class-name -->
              <div class="configuration-class before">
                <span class="method-name">setup</span>
                <span class="method-start">307883 ms</span>
              </div> <!-- configuration-class before -->
              <div class="test-method">
                <span class="method-name">LoginAndClickonComposeMessage</span>
                <span class="method-start">321899 ms</span>
              </div> <!-- test-method -->
              <div class="configuration-class after">
                <span class="method-name">tearDown</span>
                <span class="method-start">359708 ms</span>
              </div> <!-- configuration-class after -->
            </div> <!-- chronological-class -->
            <div class="chronological-class">
              <div class="chronological-class-name">com.pp.tests.GenericAppointmentRequestTest</div> <!-- chronological-class-name -->
              <div class="configuration-class before">
                <span class="method-name">setup</span>
                <span class="method-start">360030 ms</span>
              </div> <!-- configuration-class before -->
              <div class="test-method">
                <img src="failed.png">
                </img>
                <span class="method-name">LoginAndRequestForAppointment</span>
                <span class="method-start">373272 ms</span>
              </div> <!-- test-method -->
              <div class="configuration-class after">
                <span class="method-name">tearDown</span>
                <span class="method-start">410159 ms</span>
              </div> <!-- configuration-class after -->
          </div> <!-- main-panel-content rounded-window-bottom -->
        </div> <!-- panel -->
      </div> <!-- main-panel-root -->
    </div> <!-- wrapper -->
  </body>
</html>
